<?xml version="1.0" encoding="UTF-8"?>
<!-- Generated by org.testng.reporters.JUnitReportReporter -->
<testsuite skipped="0" hostname="Eai-ShubhamMathur" name="com.tests.EmailData" tests="1" failures="0" timestamp="07 Dec 2019 11:03:30 GMT" time="65.250" errors="0">
  <testcase name="master" time="65.250" classname="com.tests.EmailData"/>
</testsuite> <!-- com.tests.EmailData -->
