<?xml version="1.0" encoding="UTF-8"?>
<!-- Generated by org.testng.reporters.JUnitReportReporter -->
<testsuite skipped="0" hostname="Eai-ShubhamMathur" name="com.tests.MyTest" tests="2" failures="0" timestamp="04 Dec 2019 15:25:19 GMT" time="24.683" errors="0">
  <testcase name="login" time="10.851" classname="com.tests.MyTest"/>
  <testcase name="home" time="13.832" classname="com.tests.MyTest"/>
</testsuite> <!-- com.tests.MyTest -->
