<?xml version="1.0" encoding="UTF-8"?>
<!-- Generated by org.testng.reporters.JUnitReportReporter -->
<testsuite skipped="0" hostname="Eai-PrashantArya" name="com.tests.EmailData" tests="1" failures="0" timestamp="07 Dec 2019 15:24:38 GMT" time="171.499" errors="0">
  <testcase name="master" time="171.499" classname="com.tests.EmailData"/>
</testsuite> <!-- com.tests.EmailData -->
